2020-04-25 21:20:23,524 INFO o.s.b.StartupInfoLogger [main] Starting Application v0.0.1-SNAPSHOT on mimilaptop with PID 1254 (/mnt/p1/workspace/bank-account-app/account-requester/target/account-requester-0.0.1-SNAPSHOT.jar started by mimi in /mnt/p1/workspace/bank-account-app/account-requester)
2020-04-25 21:20:23,536 DEBUG o.s.b.StartupInfoLogger [main] Running with Spring Boot v2.2.6.RELEASE, Spring v5.2.5.RELEASE
2020-04-25 21:20:23,538 INFO o.s.b.SpringApplication [main] The following profiles are active: local
2020-04-25 21:20:25,924 INFO o.s.b.w.e.t.TomcatWebServer [main] Tomcat initialized with port(s): 9001 (http)
2020-04-25 21:20:25,987 INFO o.a.j.l.DirectJDKLog [main] Initializing ProtocolHandler ["http-nio-9001"]
2020-04-25 21:20:25,989 INFO o.a.j.l.DirectJDKLog [main] Starting service [Tomcat]
2020-04-25 21:20:25,991 INFO o.a.j.l.DirectJDKLog [main] Starting Servlet engine: [Apache Tomcat/9.0.33]
2020-04-25 21:20:26,088 INFO o.a.j.l.DirectJDKLog [main] Initializing Spring embedded WebApplicationContext
2020-04-25 21:20:26,088 INFO o.s.b.w.s.c.ServletWebServerApplicationContext [main] Root WebApplicationContext: initialization completed in 2464 ms
2020-04-25 21:20:26,466 INFO o.s.s.c.ExecutorConfigurationSupport [main] Initializing ExecutorService
2020-04-25 21:20:26,570 INFO o.s.a.f.CglibAopProxy [main] Unable to proxy interface-implementing method [public final void org.springframework.dao.support.DaoSupport.afterPropertiesSet() throws java.lang.IllegalArgumentException,org.springframework.beans.factory.BeanInitializationException] because it is marked as final: Consider using interface-based JDK proxies instead!
2020-04-25 21:20:26,600 INFO o.s.a.f.CglibAopProxy [main] Unable to proxy interface-implementing method [public final void org.springframework.dao.support.DaoSupport.afterPropertiesSet() throws java.lang.IllegalArgumentException,org.springframework.beans.factory.BeanInitializationException] because it is marked as final: Consider using interface-based JDK proxies instead!
2020-04-25 21:20:27,180 INFO s.d.s.w.PropertySourcedRequestMappingHandlerMapping [main] Mapped URL path [/v2/api-docs] onto method [springfox.documentation.swagger2.web.Swagger2Controller#getDocumentation(String, HttpServletRequest)]
2020-04-25 21:20:27,369 INFO o.s.s.c.ExecutorConfigurationSupport [main] Initializing ExecutorService 'applicationTaskExecutor'
2020-04-25 21:20:27,878 INFO o.a.k.c.c.AbstractConfig [main] AdminClientConfig values: 
	bootstrap.servers = [localhost:9093]
	client.dns.lookup = default
	client.id = 
	connections.max.idle.ms = 300000
	metadata.max.age.ms = 300000
	metric.reporters = []
	metrics.num.samples = 2
	metrics.recording.level = INFO
	metrics.sample.window.ms = 30000
	receive.buffer.bytes = 65536
	reconnect.backoff.max.ms = 1000
	reconnect.backoff.ms = 50
	request.timeout.ms = 120000
	retries = 5
	retry.backoff.ms = 100
	sasl.client.callback.handler.class = null
	sasl.jaas.config = null
	sasl.kerberos.kinit.cmd = /usr/bin/kinit
	sasl.kerberos.min.time.before.relogin = 60000
	sasl.kerberos.service.name = null
	sasl.kerberos.ticket.renew.jitter = 0.05
	sasl.kerberos.ticket.renew.window.factor = 0.8
	sasl.login.callback.handler.class = null
	sasl.login.class = null
	sasl.login.refresh.buffer.seconds = 300
	sasl.login.refresh.min.period.seconds = 60
	sasl.login.refresh.window.factor = 0.8
	sasl.login.refresh.window.jitter = 0.05
	sasl.mechanism = GSSAPI
	security.protocol = PLAINTEXT
	security.providers = null
	send.buffer.bytes = 131072
	ssl.cipher.suites = null
	ssl.enabled.protocols = [TLSv1.2, TLSv1.1, TLSv1]
	ssl.endpoint.identification.algorithm = https
	ssl.key.password = null
	ssl.keymanager.algorithm = SunX509
	ssl.keystore.location = null
	ssl.keystore.password = null
	ssl.keystore.type = JKS
	ssl.protocol = TLS
	ssl.provider = null
	ssl.secure.random.implementation = null
	ssl.trustmanager.algorithm = PKIX
	ssl.truststore.location = null
	ssl.truststore.password = null
	ssl.truststore.type = JKS

2020-04-25 21:20:27,975 INFO o.a.k.c.u.AppInfoParser$AppInfo [main] Kafka version: 2.4.1
2020-04-25 21:20:27,976 INFO o.a.k.c.u.AppInfoParser$AppInfo [main] Kafka commitId: c57222ae8cd7866b
2020-04-25 21:20:27,976 INFO o.a.k.c.u.AppInfoParser$AppInfo [main] Kafka startTimeMs: 1587842427971
2020-04-25 21:20:28,365 INFO o.a.k.c.c.AbstractConfig [main] ConsumerConfig values: 
	allow.auto.create.topics = true
	auto.commit.interval.ms = 5000
	auto.offset.reset = latest
	bootstrap.servers = [localhost:9093]
	check.crcs = true
	client.dns.lookup = default
	client.id = 
	client.rack = 
	connections.max.idle.ms = 540000
	default.api.timeout.ms = 60000
	enable.auto.commit = false
	exclude.internal.topics = true
	fetch.max.bytes = 52428800
	fetch.max.wait.ms = 500
	fetch.min.bytes = 1
	group.id = account-requester_918a0888-6ca1-4e0f-8389-dc7b7f0c9072
	group.instance.id = null
	heartbeat.interval.ms = 3000
	interceptor.classes = []
	internal.leave.group.on.close = true
	isolation.level = read_uncommitted
	key.deserializer = class org.apache.kafka.common.serialization.StringDeserializer
	max.partition.fetch.bytes = 1048576
	max.poll.interval.ms = 300000
	max.poll.records = 500
	metadata.max.age.ms = 300000
	metric.reporters = []
	metrics.num.samples = 2
	metrics.recording.level = INFO
	metrics.sample.window.ms = 30000
	partition.assignment.strategy = [class org.apache.kafka.clients.consumer.RangeAssignor]
	receive.buffer.bytes = 65536
	reconnect.backoff.max.ms = 1000
	reconnect.backoff.ms = 50
	request.timeout.ms = 30000
	retry.backoff.ms = 100
	sasl.client.callback.handler.class = null
	sasl.jaas.config = null
	sasl.kerberos.kinit.cmd = /usr/bin/kinit
	sasl.kerberos.min.time.before.relogin = 60000
	sasl.kerberos.service.name = null
	sasl.kerberos.ticket.renew.jitter = 0.05
	sasl.kerberos.ticket.renew.window.factor = 0.8
	sasl.login.callback.handler.class = null
	sasl.login.class = null
	sasl.login.refresh.buffer.seconds = 300
	sasl.login.refresh.min.period.seconds = 60
	sasl.login.refresh.window.factor = 0.8
	sasl.login.refresh.window.jitter = 0.05
	sasl.mechanism = GSSAPI
	security.protocol = PLAINTEXT
	security.providers = null
	send.buffer.bytes = 131072
	session.timeout.ms = 10000
	ssl.cipher.suites = null
	ssl.enabled.protocols = [TLSv1.2, TLSv1.1, TLSv1]
	ssl.endpoint.identification.algorithm = https
	ssl.key.password = null
	ssl.keymanager.algorithm = SunX509
	ssl.keystore.location = null
	ssl.keystore.password = null
	ssl.keystore.type = JKS
	ssl.protocol = TLS
	ssl.provider = null
	ssl.secure.random.implementation = null
	ssl.trustmanager.algorithm = PKIX
	ssl.truststore.location = null
	ssl.truststore.password = null
	ssl.truststore.type = JKS
	value.deserializer = class org.springframework.kafka.support.serializer.JsonDeserializer

2020-04-25 21:20:28,418 INFO o.a.k.c.u.AppInfoParser$AppInfo [main] Kafka version: 2.4.1
2020-04-25 21:20:28,419 INFO o.a.k.c.u.AppInfoParser$AppInfo [main] Kafka commitId: c57222ae8cd7866b
2020-04-25 21:20:28,419 INFO o.a.k.c.u.AppInfoParser$AppInfo [main] Kafka startTimeMs: 1587842428418
2020-04-25 21:20:28,431 INFO o.a.k.c.c.KafkaConsumer [main] [Consumer clientId=consumer-account-requester_918a0888-6ca1-4e0f-8389-dc7b7f0c9072-1, groupId=account-requester_918a0888-6ca1-4e0f-8389-dc7b7f0c9072] Subscribed to topic(s): account-reply
2020-04-25 21:20:28,434 INFO o.s.s.c.ExecutorConfigurationSupport [main] Initializing ExecutorService
2020-04-25 21:20:28,444 INFO o.a.k.c.c.AbstractConfig [main] ConsumerConfig values: 
	allow.auto.create.topics = true
	auto.commit.interval.ms = 5000
	auto.offset.reset = latest
	bootstrap.servers = [localhost:9093]
	check.crcs = true
	client.dns.lookup = default
	client.id = 
	client.rack = 
	connections.max.idle.ms = 540000
	default.api.timeout.ms = 60000
	enable.auto.commit = false
	exclude.internal.topics = true
	fetch.max.bytes = 52428800
	fetch.max.wait.ms = 500
	fetch.min.bytes = 1
	group.id = account-requester
	group.instance.id = null
	heartbeat.interval.ms = 3000
	interceptor.classes = []
	internal.leave.group.on.close = true
	isolation.level = read_uncommitted
	key.deserializer = class org.apache.kafka.common.serialization.StringDeserializer
	max.partition.fetch.bytes = 1048576
	max.poll.interval.ms = 300000
	max.poll.records = 500
	metadata.max.age.ms = 300000
	metric.reporters = []
	metrics.num.samples = 2
	metrics.recording.level = INFO
	metrics.sample.window.ms = 30000
	partition.assignment.strategy = [class org.apache.kafka.clients.consumer.RangeAssignor]
	receive.buffer.bytes = 65536
	reconnect.backoff.max.ms = 1000
	reconnect.backoff.ms = 50
	request.timeout.ms = 30000
	retry.backoff.ms = 100
	sasl.client.callback.handler.class = null
	sasl.jaas.config = null
	sasl.kerberos.kinit.cmd = /usr/bin/kinit
	sasl.kerberos.min.time.before.relogin = 60000
	sasl.kerberos.service.name = null
	sasl.kerberos.ticket.renew.jitter = 0.05
	sasl.kerberos.ticket.renew.window.factor = 0.8
	sasl.login.callback.handler.class = null
	sasl.login.class = null
	sasl.login.refresh.buffer.seconds = 300
	sasl.login.refresh.min.period.seconds = 60
	sasl.login.refresh.window.factor = 0.8
	sasl.login.refresh.window.jitter = 0.05
	sasl.mechanism = GSSAPI
	security.protocol = PLAINTEXT
	security.providers = null
	send.buffer.bytes = 131072
	session.timeout.ms = 10000
	ssl.cipher.suites = null
	ssl.enabled.protocols = [TLSv1.2, TLSv1.1, TLSv1]
	ssl.endpoint.identification.algorithm = https
	ssl.key.password = null
	ssl.keymanager.algorithm = SunX509
	ssl.keystore.location = null
	ssl.keystore.password = null
	ssl.keystore.type = JKS
	ssl.protocol = TLS
	ssl.provider = null
	ssl.secure.random.implementation = null
	ssl.trustmanager.algorithm = PKIX
	ssl.truststore.location = null
	ssl.truststore.password = null
	ssl.truststore.type = JKS
	value.deserializer = class org.springframework.kafka.support.serializer.JsonDeserializer

2020-04-25 21:20:28,452 INFO o.a.k.c.u.AppInfoParser$AppInfo [main] Kafka version: 2.4.1
2020-04-25 21:20:28,452 INFO o.a.k.c.u.AppInfoParser$AppInfo [main] Kafka commitId: c57222ae8cd7866b
2020-04-25 21:20:28,452 INFO o.a.k.c.u.AppInfoParser$AppInfo [main] Kafka startTimeMs: 1587842428452
2020-04-25 21:20:28,453 INFO o.a.k.c.c.KafkaConsumer [main] [Consumer clientId=consumer-account-requester-2, groupId=account-requester] Subscribed to topic(s): account-request
2020-04-25 21:20:28,453 INFO o.s.s.c.ExecutorConfigurationSupport [main] Initializing ExecutorService
2020-04-25 21:20:28,454 INFO s.d.s.w.p.DocumentationPluginsBootstrapper [main] Context refreshed
2020-04-25 21:20:28,459 INFO o.a.k.c.Metadata [consumer-0-C-1] [Consumer clientId=consumer-account-requester_918a0888-6ca1-4e0f-8389-dc7b7f0c9072-1, groupId=account-requester_918a0888-6ca1-4e0f-8389-dc7b7f0c9072] Cluster ID: 7m2VzHWNSu6Qm0Bm41XTYA
2020-04-25 21:20:28,463 INFO o.a.k.c.c.i.AbstractCoordinator$FindCoordinatorResponseHandler [consumer-0-C-1] [Consumer clientId=consumer-account-requester_918a0888-6ca1-4e0f-8389-dc7b7f0c9072-1, groupId=account-requester_918a0888-6ca1-4e0f-8389-dc7b7f0c9072] Discovered group coordinator localhost:9093 (id: 2147482646 rack: null)
2020-04-25 21:20:28,463 INFO o.a.k.c.Metadata [org.springframework.kafka.KafkaListenerEndpointContainer#0-0-C-1] [Consumer clientId=consumer-account-requester-2, groupId=account-requester] Cluster ID: 7m2VzHWNSu6Qm0Bm41XTYA
2020-04-25 21:20:28,465 INFO o.a.k.c.c.i.AbstractCoordinator$FindCoordinatorResponseHandler [org.springframework.kafka.KafkaListenerEndpointContainer#0-0-C-1] [Consumer clientId=consumer-account-requester-2, groupId=account-requester] Discovered group coordinator localhost:9093 (id: 2147482646 rack: null)
2020-04-25 21:20:28,472 INFO o.a.k.c.c.i.AbstractCoordinator [consumer-0-C-1] [Consumer clientId=consumer-account-requester_918a0888-6ca1-4e0f-8389-dc7b7f0c9072-1, groupId=account-requester_918a0888-6ca1-4e0f-8389-dc7b7f0c9072] (Re-)joining group
2020-04-25 21:20:28,473 INFO o.a.k.c.c.i.AbstractCoordinator [org.springframework.kafka.KafkaListenerEndpointContainer#0-0-C-1] [Consumer clientId=consumer-account-requester-2, groupId=account-requester] (Re-)joining group
2020-04-25 21:20:28,482 INFO o.a.k.c.c.i.AbstractCoordinator [consumer-0-C-1] [Consumer clientId=consumer-account-requester_918a0888-6ca1-4e0f-8389-dc7b7f0c9072-1, groupId=account-requester_918a0888-6ca1-4e0f-8389-dc7b7f0c9072] (Re-)joining group
2020-04-25 21:20:28,482 INFO o.a.k.c.c.i.AbstractCoordinator [org.springframework.kafka.KafkaListenerEndpointContainer#0-0-C-1] [Consumer clientId=consumer-account-requester-2, groupId=account-requester] (Re-)joining group
2020-04-25 21:20:28,489 INFO o.a.k.c.c.i.ConsumerCoordinator [consumer-0-C-1] [Consumer clientId=consumer-account-requester_918a0888-6ca1-4e0f-8389-dc7b7f0c9072-1, groupId=account-requester_918a0888-6ca1-4e0f-8389-dc7b7f0c9072] Finished assignment for group at generation 1: {consumer-account-requester_918a0888-6ca1-4e0f-8389-dc7b7f0c9072-1-870f1780-5641-4c51-bfbf-b6fc23377681=Assignment(partitions=[account-reply-0])}
2020-04-25 21:20:28,489 INFO o.a.k.c.c.i.ConsumerCoordinator [org.springframework.kafka.KafkaListenerEndpointContainer#0-0-C-1] [Consumer clientId=consumer-account-requester-2, groupId=account-requester] Finished assignment for group at generation 39: {consumer-account-requester-2-132be214-cc6e-43af-92d6-13c08fb2e613=Assignment(partitions=[account-request-0])}
2020-04-25 21:20:28,493 INFO o.a.k.c.c.i.AbstractCoordinator$1 [consumer-0-C-1] [Consumer clientId=consumer-account-requester_918a0888-6ca1-4e0f-8389-dc7b7f0c9072-1, groupId=account-requester_918a0888-6ca1-4e0f-8389-dc7b7f0c9072] Successfully joined group with generation 1
2020-04-25 21:20:28,493 INFO o.a.k.c.c.i.AbstractCoordinator$1 [org.springframework.kafka.KafkaListenerEndpointContainer#0-0-C-1] [Consumer clientId=consumer-account-requester-2, groupId=account-requester] Successfully joined group with generation 39
2020-04-25 21:20:28,497 INFO o.a.k.c.c.i.ConsumerCoordinator [consumer-0-C-1] [Consumer clientId=consumer-account-requester_918a0888-6ca1-4e0f-8389-dc7b7f0c9072-1, groupId=account-requester_918a0888-6ca1-4e0f-8389-dc7b7f0c9072] Adding newly assigned partitions: account-reply-0
2020-04-25 21:20:28,497 INFO o.a.k.c.c.i.ConsumerCoordinator [org.springframework.kafka.KafkaListenerEndpointContainer#0-0-C-1] [Consumer clientId=consumer-account-requester-2, groupId=account-requester] Adding newly assigned partitions: account-request-0
2020-04-25 21:20:28,502 INFO s.d.s.w.p.DocumentationPluginsBootstrapper [main] Found 1 custom documentation plugin(s)
2020-04-25 21:20:28,513 INFO o.a.k.c.c.i.ConsumerCoordinator$OffsetFetchResponseHandler [consumer-0-C-1] [Consumer clientId=consumer-account-requester_918a0888-6ca1-4e0f-8389-dc7b7f0c9072-1, groupId=account-requester_918a0888-6ca1-4e0f-8389-dc7b7f0c9072] Found no committed offset for partition account-reply-0
2020-04-25 21:20:28,513 INFO o.a.k.c.c.i.ConsumerCoordinator [org.springframework.kafka.KafkaListenerEndpointContainer#0-0-C-1] [Consumer clientId=consumer-account-requester-2, groupId=account-requester] Setting offset for partition account-request-0 to the committed offset FetchPosition{offset=0, offsetEpoch=Optional.empty, currentLeader=LeaderAndEpoch{leader=localhost:9093 (id: 1001 rack: null), epoch=0}}
2020-04-25 21:20:28,522 INFO o.s.c.l.LogAccessor [org.springframework.kafka.KafkaListenerEndpointContainer#0-0-C-1] account-requester: partitions assigned: [account-request-0]
2020-04-25 21:20:28,523 INFO o.a.k.c.c.i.SubscriptionState [consumer-0-C-1] [Consumer clientId=consumer-account-requester_918a0888-6ca1-4e0f-8389-dc7b7f0c9072-1, groupId=account-requester_918a0888-6ca1-4e0f-8389-dc7b7f0c9072] Resetting offset for partition account-reply-0 to offset 0.
2020-04-25 21:20:28,526 INFO o.s.c.l.LogAccessor [consumer-0-C-1] account-requester_918a0888-6ca1-4e0f-8389-dc7b7f0c9072: partitions assigned: [account-reply-0]
2020-04-25 21:20:28,544 INFO s.d.s.w.s.ApiListingReferenceScanner [main] Scanning for api listing references
2020-04-25 21:20:28,769 INFO o.a.j.l.DirectJDKLog [main] Starting ProtocolHandler ["http-nio-9001"]
2020-04-25 21:20:28,820 INFO o.s.b.w.e.t.TomcatWebServer [main] Tomcat started on port(s): 9001 (http) with context path ''
2020-04-25 21:20:28,826 INFO o.s.b.StartupInfoLogger [main] Started Application in 5.874 seconds (JVM running for 7.546)
2020-04-25 21:20:31,544 INFO o.a.j.l.DirectJDKLog [http-nio-9001-exec-2] Initializing Spring DispatcherServlet 'dispatcherServlet'
2020-04-25 21:20:31,545 INFO o.s.w.s.FrameworkServlet [http-nio-9001-exec-2] Initializing Servlet 'dispatcherServlet'
2020-04-25 21:20:31,617 INFO o.s.w.s.FrameworkServlet [http-nio-9001-exec-2] Completed initialization in 71 ms
2020-04-25 21:20:50,065 INFO c.z.h.HikariDataSource [http-nio-9001-exec-3] HikariPool-1 - Starting...
2020-04-25 21:20:50,260 INFO c.z.h.HikariDataSource [http-nio-9001-exec-3] HikariPool-1 - Start completed.
2020-04-25 21:20:50,307 DEBUG v.a.r.c.RequestAccountController [http-nio-9001-exec-3] Client not found for cnp: 12312312 !
2020-04-25 21:21:12,295 INFO v.a.r.c.RequestAccountController [http-nio-9001-exec-5] sending kafka request to topic: account-request ..... 
2020-04-25 21:21:13,004 INFO o.a.k.c.c.AbstractConfig [http-nio-9001-exec-5] ProducerConfig values: 
	acks = 1
	batch.size = 16384
	bootstrap.servers = [localhost:9093]
	buffer.memory = 33554432
	client.dns.lookup = default
	client.id = 
	compression.type = none
	connections.max.idle.ms = 540000
	delivery.timeout.ms = 120000
	enable.idempotence = false
	interceptor.classes = []
	key.serializer = class org.apache.kafka.common.serialization.StringSerializer
	linger.ms = 0
	max.block.ms = 60000
	max.in.flight.requests.per.connection = 5
	max.request.size = 1048576
	metadata.max.age.ms = 300000
	metric.reporters = []
	metrics.num.samples = 2
	metrics.recording.level = INFO
	metrics.sample.window.ms = 30000
	partitioner.class = class org.apache.kafka.clients.producer.internals.DefaultPartitioner
	receive.buffer.bytes = 32768
	reconnect.backoff.max.ms = 1000
	reconnect.backoff.ms = 50
	request.timeout.ms = 30000
	retries = 2147483647
	retry.backoff.ms = 100
	sasl.client.callback.handler.class = null
	sasl.jaas.config = null
	sasl.kerberos.kinit.cmd = /usr/bin/kinit
	sasl.kerberos.min.time.before.relogin = 60000
	sasl.kerberos.service.name = null
	sasl.kerberos.ticket.renew.jitter = 0.05
	sasl.kerberos.ticket.renew.window.factor = 0.8
	sasl.login.callback.handler.class = null
	sasl.login.class = null
	sasl.login.refresh.buffer.seconds = 300
	sasl.login.refresh.min.period.seconds = 60
	sasl.login.refresh.window.factor = 0.8
	sasl.login.refresh.window.jitter = 0.05
	sasl.mechanism = GSSAPI
	security.protocol = PLAINTEXT
	security.providers = null
	send.buffer.bytes = 131072
	ssl.cipher.suites = null
	ssl.enabled.protocols = [TLSv1.2, TLSv1.1, TLSv1]
	ssl.endpoint.identification.algorithm = https
	ssl.key.password = null
	ssl.keymanager.algorithm = SunX509
	ssl.keystore.location = null
	ssl.keystore.password = null
	ssl.keystore.type = JKS
	ssl.protocol = TLS
	ssl.provider = null
	ssl.secure.random.implementation = null
	ssl.trustmanager.algorithm = PKIX
	ssl.truststore.location = null
	ssl.truststore.password = null
	ssl.truststore.type = JKS
	transaction.timeout.ms = 60000
	transactional.id = null
	value.serializer = class org.springframework.kafka.support.serializer.JsonSerializer

2020-04-25 21:21:13,076 INFO o.a.k.c.u.AppInfoParser$AppInfo [http-nio-9001-exec-5] Kafka version: 2.4.1
2020-04-25 21:21:13,077 INFO o.a.k.c.u.AppInfoParser$AppInfo [http-nio-9001-exec-5] Kafka commitId: c57222ae8cd7866b
2020-04-25 21:21:13,077 INFO o.a.k.c.u.AppInfoParser$AppInfo [http-nio-9001-exec-5] Kafka startTimeMs: 1587842473076
2020-04-25 21:21:13,092 INFO o.a.k.c.Metadata [kafka-producer-network-thread | producer-1] [Producer clientId=producer-1] Cluster ID: 7m2VzHWNSu6Qm0Bm41XTYA
2020-04-25 21:21:13,262 INFO v.a.r.m.KafkaMessageListener [org.springframework.kafka.KafkaListenerEndpointContainer#0-0-C-1] processing kafka message: MessageRequestAccount(initialDeposit=200.0, accountType=SAVINGS)
2020-04-25 21:21:13,357 INFO v.a.r.c.RequestAccountController [http-nio-9001-exec-5] received reply message: MessageRequestAccountResponse(accountRequestId=1)
2020-04-25 21:21:23,460 DEBUG v.a.r.c.RequestAccountController [http-nio-9001-exec-7] Client not found for cnp: 1313 !
2020-04-25 21:21:38,770 DEBUG v.a.r.c.RequestAccountController [http-nio-9001-exec-8] Client not found for cnp: 1313 !
2020-04-25 21:21:56,899 DEBUG v.a.r.c.RequestAccountController [http-nio-9001-exec-9] for client cnp: 1821229170017 account already exists: true
2020-04-25 21:22:41,667 INFO v.a.r.c.RequestAccountController [http-nio-9001-exec-10] sending kafka request to topic: account-request ..... 
2020-04-25 21:22:41,674 INFO v.a.r.m.KafkaMessageListener [org.springframework.kafka.KafkaListenerEndpointContainer#0-0-C-1] processing kafka message: MessageRequestAccount(initialDeposit=200.0, accountType=SAVINGS)
2020-04-25 21:22:41,681 INFO v.a.r.c.RequestAccountController [http-nio-9001-exec-10] received reply message: MessageRequestAccountResponse(accountRequestId=2)
2020-04-25 21:22:48,265 DEBUG v.a.r.c.RequestAccountController [http-nio-9001-exec-1] for client cnp: 1770301008877 last active account request id: 2
2020-04-25 21:22:52,833 DEBUG v.a.r.c.RequestAccountController [http-nio-9001-exec-2] for client cnp: 1770301008877 account already exists: true
2020-04-25 21:23:10,103 INFO o.a.k.c.c.i.ConsumerCoordinator [org.springframework.kafka.KafkaListenerEndpointContainer#0-0-C-1] [Consumer clientId=consumer-account-requester-2, groupId=account-requester] Revoke previously assigned partitions account-request-0
2020-04-25 21:23:10,104 INFO o.s.c.l.LogAccessor [org.springframework.kafka.KafkaListenerEndpointContainer#0-0-C-1] account-requester: partitions revoked: [account-request-0]
2020-04-25 21:23:10,104 INFO o.a.k.c.c.i.AbstractCoordinator [org.springframework.kafka.KafkaListenerEndpointContainer#0-0-C-1] [Consumer clientId=consumer-account-requester-2, groupId=account-requester] Member consumer-account-requester-2-132be214-cc6e-43af-92d6-13c08fb2e613 sending LeaveGroup request to coordinator localhost:9093 (id: 2147482646 rack: null) due to the consumer unsubscribed from all topics
2020-04-25 21:23:10,105 INFO o.a.k.c.c.KafkaConsumer [org.springframework.kafka.KafkaListenerEndpointContainer#0-0-C-1] [Consumer clientId=consumer-account-requester-2, groupId=account-requester] Unsubscribed all topics or patterns and assigned partitions
2020-04-25 21:23:10,106 INFO o.s.s.c.ExecutorConfigurationSupport [org.springframework.kafka.KafkaListenerEndpointContainer#0-0-C-1] Shutting down ExecutorService
2020-04-25 21:23:10,112 INFO o.s.c.l.LogAccessor [org.springframework.kafka.KafkaListenerEndpointContainer#0-0-C-1] account-requester: Consumer stopped
2020-04-25 21:23:10,115 INFO o.a.k.c.c.i.ConsumerCoordinator [consumer-0-C-1] [Consumer clientId=consumer-account-requester_918a0888-6ca1-4e0f-8389-dc7b7f0c9072-1, groupId=account-requester_918a0888-6ca1-4e0f-8389-dc7b7f0c9072] Revoke previously assigned partitions account-reply-0
2020-04-25 21:23:10,115 INFO o.s.c.l.LogAccessor [consumer-0-C-1] account-requester_918a0888-6ca1-4e0f-8389-dc7b7f0c9072: partitions revoked: [account-reply-0]
2020-04-25 21:23:10,116 INFO o.a.k.c.c.i.AbstractCoordinator [consumer-0-C-1] [Consumer clientId=consumer-account-requester_918a0888-6ca1-4e0f-8389-dc7b7f0c9072-1, groupId=account-requester_918a0888-6ca1-4e0f-8389-dc7b7f0c9072] Member consumer-account-requester_918a0888-6ca1-4e0f-8389-dc7b7f0c9072-1-870f1780-5641-4c51-bfbf-b6fc23377681 sending LeaveGroup request to coordinator localhost:9093 (id: 2147482646 rack: null) due to the consumer unsubscribed from all topics
2020-04-25 21:23:10,116 INFO o.a.k.c.c.KafkaConsumer [consumer-0-C-1] [Consumer clientId=consumer-account-requester_918a0888-6ca1-4e0f-8389-dc7b7f0c9072-1, groupId=account-requester_918a0888-6ca1-4e0f-8389-dc7b7f0c9072] Unsubscribed all topics or patterns and assigned partitions
2020-04-25 21:23:10,117 INFO o.s.s.c.ExecutorConfigurationSupport [consumer-0-C-1] Shutting down ExecutorService
2020-04-25 21:23:10,122 INFO o.s.c.l.LogAccessor [consumer-0-C-1] account-requester_918a0888-6ca1-4e0f-8389-dc7b7f0c9072: Consumer stopped
2020-04-25 21:23:10,123 INFO o.s.s.c.ExecutorConfigurationSupport [SpringContextShutdownHook] Shutting down ExecutorService 'applicationTaskExecutor'
2020-04-25 21:23:10,126 INFO c.z.h.HikariDataSource [SpringContextShutdownHook] HikariPool-1 - Shutdown initiated...
2020-04-25 21:23:10,142 INFO c.z.h.HikariDataSource [SpringContextShutdownHook] HikariPool-1 - Shutdown completed.
2020-04-25 21:23:10,142 INFO o.s.s.c.ExecutorConfigurationSupport [SpringContextShutdownHook] Shutting down ExecutorService
2020-04-25 21:23:10,142 INFO o.a.k.c.p.KafkaProducer [SpringContextShutdownHook] [Producer clientId=producer-1] Closing the Kafka producer with timeoutMillis = 30000 ms.
